<?xml version="1.0" encoding="UTF-8"?>
<testsuite name="jsonlib.JsonStringTest" tests="3" skipped="0" failures="0" errors="0" timestamp="2025-05-07T11:39:40" hostname="POLARISING-P408" time="0.009">
  <properties/>
  <testcase name="testEscapeQuotes()" classname="jsonlib.JsonStringTest" time="0.004"/>
  <testcase name="testToJsonString()" classname="jsonlib.JsonStringTest" time="0.001"/>
  <testcase name="testEscapeBackslash()" classname="jsonlib.JsonStringTest" time="0.001"/>
  <system-out><![CDATA[]]></system-out>
  <system-err><![CDATA[]]></system-err>
</testsuite>
