<?xml version="1.0" encoding="UTF-8"?>
<testsuite name="jsonlib.JsonNumberTest" tests="3" skipped="0" failures="0" errors="0" timestamp="2025-05-07T11:39:40" hostname="POLARISING-P408" time="0.004">
  <properties/>
  <testcase name="testIntNumber()" classname="jsonlib.JsonNumberTest" time="0.0"/>
  <testcase name="testNegativeNumber()" classname="jsonlib.JsonNumberTest" time="0.0"/>
  <testcase name="testDoubleNumber()" classname="jsonlib.JsonNumberTest" time="0.002"/>
  <system-out><![CDATA[]]></system-out>
  <system-err><![CDATA[]]></system-err>
</testsuite>
