<?xml version="1.0" encoding="UTF-8"?>
<testsuite name="jsonlib.JsonInferTest" tests="1" skipped="0" failures="0" errors="0" timestamp="2025-05-19T20:10:41" hostname="YOTSUBA-PC" time="0.255">
  <properties/>
  <testcase name="testInferNestedDataClass()" classname="jsonlib.JsonInferTest" time="0.255"/>
  <system-out><![CDATA[{
   "name": "Adelaide",
   "address": {
      "city": "SetÃºbal"
   }
}
]]></system-out>
  <system-err><![CDATA[]]></system-err>
</testsuite>
