<?xml version="1.0" encoding="UTF-8"?>
<testsuite name="jsonlib.JsonNullTest" tests="1" skipped="0" failures="0" errors="0" timestamp="2025-05-19T17:46:19" hostname="YOTSUBA-PC" time="0.0">
  <properties/>
  <testcase name="testToJsonString()" classname="jsonlib.JsonNullTest" time="0.0"/>
  <system-out><![CDATA[]]></system-out>
  <system-err><![CDATA[]]></system-err>
</testsuite>
