<?xml version="1.0" encoding="UTF-8"?>
<testsuite name="jsonlib.JsonInferTest" tests="8" skipped="0" failures="0" errors="0" timestamp="2025-05-08T02:31:27" hostname="POLARISING-P408" time="0.064">
  <properties/>
  <testcase name="testInferDataClass()" classname="jsonlib.JsonInferTest" time="0.043"/>
  <testcase name="testInferBoolean()" classname="jsonlib.JsonInferTest" time="0.0"/>
  <testcase name="testInferNumber()" classname="jsonlib.JsonInferTest" time="0.001"/>
  <testcase name="testInferString()" classname="jsonlib.JsonInferTest" time="0.001"/>
  <testcase name="testInferMap()" classname="jsonlib.JsonInferTest" time="0.001"/>
  <testcase name="testInferNestedDataClass()" classname="jsonlib.JsonInferTest" time="0.009"/>
  <testcase name="testInferList()" classname="jsonlib.JsonInferTest" time="0.001"/>
  <testcase name="testInferNull()" classname="jsonlib.JsonInferTest" time="0.002"/>
  <system-out><![CDATA[]]></system-out>
  <system-err><![CDATA[]]></system-err>
</testsuite>
