<?xml version="1.0" encoding="UTF-8"?>
<testsuite name="jsonlib.JsonObjectTest" tests="2" skipped="0" failures="0" errors="0" timestamp="2025-05-07T11:39:40" hostname="POLARISING-P408" time="0.014">
  <properties/>
  <testcase name="testToJsonString()" classname="jsonlib.JsonObjectTest" time="0.01"/>
  <testcase name="testFilter()" classname="jsonlib.JsonObjectTest" time="0.003"/>
  <system-out><![CDATA[]]></system-out>
  <system-err><![CDATA[]]></system-err>
</testsuite>
