<?xml version="1.0" encoding="UTF-8"?>
<testsuite name="jsonlib.JsonArrayTest" tests="3" skipped="0" failures="0" errors="0" timestamp="2025-05-07T11:39:40" hostname="POLARISING-P408" time="0.082">
  <properties/>
  <testcase name="testMapDoubledNumbers()" classname="jsonlib.JsonArrayTest" time="0.07"/>
  <testcase name="testFilterEvenNumbers()" classname="jsonlib.JsonArrayTest" time="0.002"/>
  <testcase name="testToJsonString()" classname="jsonlib.JsonArrayTest" time="0.008"/>
  <system-out><![CDATA[]]></system-out>
  <system-err><![CDATA[]]></system-err>
</testsuite>
