<?xml version="1.0" encoding="UTF-8"?>
<testsuite name="jsonlib.GetJsonTest" tests="3" skipped="0" failures="0" errors="0" timestamp="2025-05-19T17:46:19" hostname="YOTSUBA-PC" time="0.017">
  <properties/>
  <testcase name="testEchoEndpoint()" classname="jsonlib.GetJsonTest" time="0.014"/>
  <testcase name="testSomaEndpoint()" classname="jsonlib.GetJsonTest" time="0.002"/>
  <testcase name="testHelloEndpoint()" classname="jsonlib.GetJsonTest" time="0.001"/>
  <system-out><![CDATA[]]></system-out>
  <system-err><![CDATA[]]></system-err>
</testsuite>
