<?xml version="1.0" encoding="UTF-8"?>
<testsuite name="jsonlib.JsonObjectTest" tests="2" skipped="0" failures="0" errors="0" timestamp="2025-05-08T02:31:28" hostname="POLARISING-P408" time="0.002">
  <properties/>
  <testcase name="testToJsonString()" classname="jsonlib.JsonObjectTest" time="0.0"/>
  <testcase name="testFilter()" classname="jsonlib.JsonObjectTest" time="0.001"/>
  <system-out><![CDATA[]]></system-out>
  <system-err><![CDATA[]]></system-err>
</testsuite>
